<?xml version="1.0" encoding="UTF-8"?>
<testsuite name="CustomJsonMapper 테스트" tests="1" skipped="0" failures="0" errors="0" timestamp="2025-05-29T05:35:04" hostname="HSB" time="0.064">
  <properties/>
  <testcase name="JSON 데이터와, 클래스 타입을 넣으면 해당 클래스 타입 객체로 반환된다" classname="com.example.utils.CustomJsonMapperTest" time="0.064"/>
  <system-out><![CDATA[UserSimpleDto(id=1, username=james, email=james@gmail.com, password=123456)
]]></system-out>
  <system-err><![CDATA[[Test worker] INFO com.example.utils.CustomJsonMapper - JSONObject object ::: password:123456,id:1,email:james@gmail.com,username:james
[Test worker] INFO com.example.utils.CustomJsonMapper - Class class ::: class com.example.dto.UserSimpleDto
]]></system-err>
</testsuite>
