<?xml version="1.0" encoding="UTF-8"?>
<testsuite name="com.example.JsomMapperTest" tests="1" skipped="0" failures="0" errors="0" timestamp="2025-05-28T06:48:14" hostname="HSB" time="0.014">
  <properties/>
  <testcase name="test()" classname="com.example.JsomMapperTest" time="0.014"/>
  <system-out><![CDATA[Hello World
]]></system-out>
  <system-err><![CDATA[]]></system-err>
</testsuite>
